<!DOCTYPE html PUBLIC "-//W3C//DTD XHTML 1.1//EN" "https://www.w3.org/TR/xhtml11/DTD/xhtml11.dtd">
<html xmlns="https://www.w3.org/1999/xhtml">
<head>
<meta http-equiv="content-type" content="text/html; charset=UTF-8"/>
<title>TestNG Report</title>
<style type="text/css">table {margin-bottom:10px;border-collapse:collapse;empty-cells:show}th,td {border:1px solid #009;padding:.25em .5em}th {vertical-align:bottom}td {vertical-align:top}table a {font-weight:bold}.stripe td {background-color: #E6EBF9}.num {text-align:right}.passedodd td {background-color: #3F3}.passedeven td {background-color: #0A0}.skippedodd td {background-color: #DDD}.skippedeven td {background-color: #CCC}.failedodd td,.attn {background-color: #F33}.failedeven td,.stripe .attn {background-color: #D00}.stacktrace {white-space:pre;font-family:monospace}.totop {font-size:85%;text-align:center;border-bottom:2px solid #000}.invisible {display:none}</style>
</head>
<body>
<table>
<tr><th>Test</th><th># Passed</th><th># Skipped</th><th># Retried</th><th># Failed</th><th>Time (ms)</th><th>Included Groups</th><th>Excluded Groups</th></tr>
<tr><th colspan="8">Suite</th></tr>
<tr><td><a href="#t0">Test</a></td><td class="num">0</td><td class="num attn">3</td><td class="num">0</td><td class="num">0</td><td class="num">6,200</td><td></td><td></td></tr>
</table>
<table id='summary'><thead><tr><th>Class</th><th>Method</th><th>Start</th><th>Time (ms)</th></tr></thead><tbody><tr><th colspan="4">Suite</th></tr></tbody><tbody id="t0"><tr><th colspan="4">Test &#8212; failed (configuration methods)</th></tr><tr class="failedeven"><td rowspan="1">TestCases.VerifySignupPage</td><td><a href="#m0">openurl</a></td><td rowspan="1">1681653245951</td><td rowspan="1">335</td></tr><tr class="failedodd"><td rowspan="1">TestCases.verifyLoginPage</td><td><a href="#m1">openurl</a></td><td rowspan="1">1681653240229</td><td rowspan="1">5687</td></tr><tr><th colspan="4">Test &#8212; skipped (configuration methods)</th></tr><tr class="skippedeven"><td rowspan="1">TestCases.verifyLoginPage</td><td><a href="#m2">openurl</a></td><td rowspan="1">1681653245940</td><td rowspan="1">0</td></tr><tr><th colspan="4">Test &#8212; skipped</th></tr><tr class="skippedeven"><td rowspan="1">TestCases.VerifySignupPage</td><td><a href="#m3">signup</a></td><td rowspan="1">1681653246291</td><td rowspan="1">3</td></tr><tr class="skippedodd"><td rowspan="2">TestCases.verifyLoginPage</td><td><a href="#m4">login</a></td><td rowspan="2">1681653245935</td><td rowspan="2">1</td></tr><tr class="skippedodd"><td><a href="#m5">login</a></td></tr></tbody>
</table>
<h2>Test</h2><h3 id="m0">TestCases.VerifySignupPage#openurl</h3><table class="result"><tr><th>Exception</th></tr><tr><td><div class="stacktrace">java.lang.NoClassDefFoundError: Could not initialize class org.openqa.selenium.remote.HttpCommandExecutor$DefaultClientFactoryHolder
	at org.openqa.selenium.remote.HttpCommandExecutor.getDefaultClientFactory(HttpCommandExecutor.java:62)
	at org.openqa.selenium.remote.HttpCommandExecutor.&lt;init&gt;(HttpCommandExecutor.java:87)
	at org.openqa.selenium.remote.service.DriverCommandExecutor.&lt;init&gt;(DriverCommandExecutor.java:80)
	at org.openqa.selenium.chromium.ChromiumDriverCommandExecutor.&lt;init&gt;(ChromiumDriverCommandExecutor.java:35)
	at org.openqa.selenium.chrome.ChromeDriver$ChromeDriverCommandExecutor.&lt;init&gt;(ChromeDriver.java:94)
	at org.openqa.selenium.chrome.ChromeDriver.&lt;init&gt;(ChromeDriver.java:82)
	at org.openqa.selenium.chrome.ChromeDriver.&lt;init&gt;(ChromeDriver.java:50)
	at Resources.BaseClass.driverInitialize(BaseClass.java:31)
	at Resources.BaseClass.openurl(BaseClass.java:48)
	at java.base/java.util.ArrayList.forEach(ArrayList.java:1511)
... Removed 35 stack frames</div></td></tr></table><p class="totop"><a href="#summary">back to summary</a></p>
<h3 id="m1">TestCases.verifyLoginPage#openurl</h3><table class="result"><tr><th>Exception</th></tr><tr><td><div class="stacktrace">java.lang.ExceptionInInitializerError
	at org.openqa.selenium.remote.HttpCommandExecutor.getDefaultClientFactory(HttpCommandExecutor.java:62)
	at org.openqa.selenium.remote.HttpCommandExecutor.&lt;init&gt;(HttpCommandExecutor.java:87)
	at org.openqa.selenium.remote.service.DriverCommandExecutor.&lt;init&gt;(DriverCommandExecutor.java:80)
	at org.openqa.selenium.chromium.ChromiumDriverCommandExecutor.&lt;init&gt;(ChromiumDriverCommandExecutor.java:35)
	at org.openqa.selenium.chrome.ChromeDriver$ChromeDriverCommandExecutor.&lt;init&gt;(ChromeDriver.java:94)
	at org.openqa.selenium.chrome.ChromeDriver.&lt;init&gt;(ChromeDriver.java:82)
	at org.openqa.selenium.chrome.ChromeDriver.&lt;init&gt;(ChromeDriver.java:50)
	at Resources.BaseClass.driverInitialize(BaseClass.java:31)
	at Resources.BaseClass.openurl(BaseClass.java:48)
	at java.base/java.util.ArrayList.forEach(ArrayList.java:1511)
Caused by: java.lang.IllegalArgumentException: Unknown HttpClient factory jdk-http-client
	at org.openqa.selenium.remote.http.HttpClient$Factory.create(HttpClient.java:57)
	at org.openqa.selenium.remote.http.HttpClient$Factory.createDefault(HttpClient.java:73)
	at org.openqa.selenium.remote.HttpCommandExecutor$DefaultClientFactoryHolder.&lt;clinit&gt;(HttpCommandExecutor.java:58)
	... 45 more
... Removed 35 stack frames</div></td></tr></table><p class="totop"><a href="#summary">back to summary</a></p>
<h3 id="m2">TestCases.verifyLoginPage#openurl</h3><table class="result"><tr><th class="invisible"/></tr></table><p class="totop"><a href="#summary">back to summary</a></p>
<h3 id="m3">TestCases.VerifySignupPage#signup</h3><table class="result"><tr><th>Exception</th></tr><tr><td><div class="stacktrace">java.lang.NoClassDefFoundError: Could not initialize class org.openqa.selenium.remote.HttpCommandExecutor$DefaultClientFactoryHolder
	at org.openqa.selenium.remote.HttpCommandExecutor.getDefaultClientFactory(HttpCommandExecutor.java:62)
	at org.openqa.selenium.remote.HttpCommandExecutor.&lt;init&gt;(HttpCommandExecutor.java:87)
	at org.openqa.selenium.remote.service.DriverCommandExecutor.&lt;init&gt;(DriverCommandExecutor.java:80)
	at org.openqa.selenium.chromium.ChromiumDriverCommandExecutor.&lt;init&gt;(ChromiumDriverCommandExecutor.java:35)
	at org.openqa.selenium.chrome.ChromeDriver$ChromeDriverCommandExecutor.&lt;init&gt;(ChromeDriver.java:94)
	at org.openqa.selenium.chrome.ChromeDriver.&lt;init&gt;(ChromeDriver.java:82)
	at org.openqa.selenium.chrome.ChromeDriver.&lt;init&gt;(ChromeDriver.java:50)
	at Resources.BaseClass.driverInitialize(BaseClass.java:31)
	at Resources.BaseClass.openurl(BaseClass.java:48)
	at java.base/java.util.ArrayList.forEach(ArrayList.java:1511)
... Removed 35 stack frames</div></td></tr></table><p class="totop"><a href="#summary">back to summary</a></p>
<h3 id="m4">TestCases.verifyLoginPage#login</h3><table class="result"><tr class="param"><th>Parameter #1</th><th>Parameter #2</th></tr><tr class="param stripe"><td>testuser1</td><td>secuer123</td></tr><tr><th colspan="2">Exception</th></tr><tr><td colspan="2"><div class="stacktrace">java.lang.ExceptionInInitializerError
	at org.openqa.selenium.remote.HttpCommandExecutor.getDefaultClientFactory(HttpCommandExecutor.java:62)
	at org.openqa.selenium.remote.HttpCommandExecutor.&lt;init&gt;(HttpCommandExecutor.java:87)
	at org.openqa.selenium.remote.service.DriverCommandExecutor.&lt;init&gt;(DriverCommandExecutor.java:80)
	at org.openqa.selenium.chromium.ChromiumDriverCommandExecutor.&lt;init&gt;(ChromiumDriverCommandExecutor.java:35)
	at org.openqa.selenium.chrome.ChromeDriver$ChromeDriverCommandExecutor.&lt;init&gt;(ChromeDriver.java:94)
	at org.openqa.selenium.chrome.ChromeDriver.&lt;init&gt;(ChromeDriver.java:82)
	at org.openqa.selenium.chrome.ChromeDriver.&lt;init&gt;(ChromeDriver.java:50)
	at Resources.BaseClass.driverInitialize(BaseClass.java:31)
	at Resources.BaseClass.openurl(BaseClass.java:48)
	at java.base/java.util.ArrayList.forEach(ArrayList.java:1511)
Caused by: java.lang.IllegalArgumentException: Unknown HttpClient factory jdk-http-client
	at org.openqa.selenium.remote.http.HttpClient$Factory.create(HttpClient.java:57)
	at org.openqa.selenium.remote.http.HttpClient$Factory.createDefault(HttpClient.java:73)
	at org.openqa.selenium.remote.HttpCommandExecutor$DefaultClientFactoryHolder.&lt;clinit&gt;(HttpCommandExecutor.java:58)
	... 45 more
... Removed 35 stack frames</div></td></tr></table><p class="totop"><a href="#summary">back to summary</a></p>
<h3 id="m5">TestCases.verifyLoginPage#login</h3><table class="result"><tr class="param"><th>Parameter #1</th><th>Parameter #2</th></tr><tr class="param stripe"><td>testuser2</td><td>secure456</td></tr><tr><th colspan="2">Exception</th></tr><tr><td colspan="2"><div class="stacktrace">java.lang.ExceptionInInitializerError
	at org.openqa.selenium.remote.HttpCommandExecutor.getDefaultClientFactory(HttpCommandExecutor.java:62)
	at org.openqa.selenium.remote.HttpCommandExecutor.&lt;init&gt;(HttpCommandExecutor.java:87)
	at org.openqa.selenium.remote.service.DriverCommandExecutor.&lt;init&gt;(DriverCommandExecutor.java:80)
	at org.openqa.selenium.chromium.ChromiumDriverCommandExecutor.&lt;init&gt;(ChromiumDriverCommandExecutor.java:35)
	at org.openqa.selenium.chrome.ChromeDriver$ChromeDriverCommandExecutor.&lt;init&gt;(ChromeDriver.java:94)
	at org.openqa.selenium.chrome.ChromeDriver.&lt;init&gt;(ChromeDriver.java:82)
	at org.openqa.selenium.chrome.ChromeDriver.&lt;init&gt;(ChromeDriver.java:50)
	at Resources.BaseClass.driverInitialize(BaseClass.java:31)
	at Resources.BaseClass.openurl(BaseClass.java:48)
	at java.base/java.util.ArrayList.forEach(ArrayList.java:1511)
Caused by: java.lang.IllegalArgumentException: Unknown HttpClient factory jdk-http-client
	at org.openqa.selenium.remote.http.HttpClient$Factory.create(HttpClient.java:57)
	at org.openqa.selenium.remote.http.HttpClient$Factory.createDefault(HttpClient.java:73)
	at org.openqa.selenium.remote.HttpCommandExecutor$DefaultClientFactoryHolder.&lt;clinit&gt;(HttpCommandExecutor.java:58)
	... 45 more
... Removed 35 stack frames</div></td></tr></table><p class="totop"><a href="#summary">back to summary</a></p>
</body>
</html>
